<?xml version="1.0" encoding="UTF-8"?>
<!-- Generated by org.testng.reporters.JUnitXMLReporter -->
<testsuite ignored="0" hostname="DESKTOP-2TPJM27" failures="0" tests="8" name="Default test" time="8.442" errors="0" timestamp="29 Jun 2023 14:45:57 GMT">
  <testcase classname="com.fb.FbAccountCreation" name="maximizetheWindow" time="0.187"/>
  <testcase classname="com.fb.FbAccountCreation" name="launchURL" time="1.277"/>
  <testcase classname="com.fb.FbAccountCreation" name="signupButton" time="0.229"/>
  <testcase classname="com.fb.FbAccountCreation" name="namingDetail" time="1.511"/>
  <testcase classname="com.fb.FbAccountCreation" name="mobNumber" time="0.215"/>
  <testcase classname="com.fb.FbAccountCreation" name="passCode" time="0.219"/>
  <testcase classname="com.fb.FbAccountCreation" name="dateofBirth" time="0.196"/>
  <testcase classname="com.fb.FbAccountCreation" name="submit" time="0.274"/>
</testsuite> <!-- Default test -->
