<?xml version="1.0" encoding="UTF-8"?>
<!-- Generated by org.testng.reporters.JUnitXMLReporter -->
<testsuite ignored="0" hostname="DESKTOP-2TPJM27" failures="0" tests="8" name="Test" time="10.333" errors="0" timestamp="29 Jun 2023 15:20:21 GMT">
  <testcase classname="com.fb.FbAccountCreation" name="maximizetheWindow" time="0.16"/>
  <testcase classname="com.fb.FbAccountCreation" name="launchURL" time="1.475"/>
  <testcase classname="com.fb.FbAccountCreation" name="signupButton" time="0.224"/>
  <testcase classname="com.fb.FbAccountCreation" name="namingDetail" time="1.797"/>
  <testcase classname="com.fb.FbAccountCreation" name="mobNumber" time="0.304"/>
  <testcase classname="com.fb.FbAccountCreation" name="passCode" time="0.268"/>
  <testcase classname="com.fb.FbAccountCreation" name="dateofBirth" time="0.273"/>
  <testcase classname="com.fb.FbAccountCreation" name="submit" time="0.27"/>
</testsuite> <!-- Test -->
